{"/home/daniel/Developer/Trybe/Trybe_Repository/10-block/1/8.3/exercise1.js": {"path":"/home/daniel/Developer/Trybe/Trybe_Repository/10-block/1/8.3/exercise1.js","statementMap":{"0":{"start":{"line":1,"column":15},"end":{"line":1,"column":32}},"1":{"start":{"line":4,"column":2},"end":{"line":6,"column":3}},"2":{"start":{"line":5,"column":4},"end":{"line":5,"column":50}},"3":{"start":{"line":8,"column":2},"end":{"line":8,"column":15}},"4":{"start":{"line":19,"column":0},"end":{"line":19,"column":21}}},"fnMap":{"0":{"name":"sum","decl":{"start":{"line":3,"column":9},"end":{"line":3,"column":12}},"loc":{"start":{"line":3,"column":19},"end":{"line":9,"column":1}},"line":3}},"branchMap":{"0":{"loc":{"start":{"line":4,"column":2},"end":{"line":6,"column":3}},"type":"if","locations":[{"start":{"line":4,"column":2},"end":{"line":6,"column":3}},{"start":{"line":4,"column":2},"end":{"line":6,"column":3}}],"line":4},"1":{"loc":{"start":{"line":4,"column":6},"end":{"line":4,"column":52}},"type":"binary-expr","locations":[{"start":{"line":4,"column":6},"end":{"line":4,"column":27}},{"start":{"line":4,"column":31},"end":{"line":4,"column":52}}],"line":4}},"s":{"0":1,"1":1,"2":0,"3":1,"4":1},"f":{"0":1},"b":{"0":[0,1],"1":[1,1]},"_coverageSchema":"1a1c01bbd47fc00a2c39e90264f33305004495a9","hash":"73e8cc042b32793b86e8f3655d143e58164e6e5b"}
,"/home/daniel/Developer/Trybe/Trybe_Repository/10-block/1/tests/calc.js": {"path":"/home/daniel/Developer/Trybe/Trybe_Repository/10-block/1/tests/calc.js","statementMap":{"0":{"start":{"line":2,"column":2},"end":{"line":2,"column":14}},"1":{"start":{"line":5,"column":0},"end":{"line":5,"column":21}}},"fnMap":{"0":{"name":"sum","decl":{"start":{"line":1,"column":9},"end":{"line":1,"column":12}},"loc":{"start":{"line":1,"column":18},"end":{"line":3,"column":1}},"line":1}},"branchMap":{},"s":{"0":1,"1":1},"f":{"0":1},"b":{},"_coverageSchema":"1a1c01bbd47fc00a2c39e90264f33305004495a9","hash":"62191a1dc9795d43c61b7762c22bdb0aea68c1e0"}
}
